[1.153s] Invoking command in '/home/ayush/ayush_ros/src/ayush_publisher': PYTHONPATH=/home/ayush/ayush_ros/build/ayush_publisher/prefix_override:/home/ayush/ayush_ros/install/ayush_publisher/lib/python3.10/site-packages:${PYTHONPATH} /usr/bin/python3 setup.py egg_info --egg-base ../../build/ayush_publisher build --build-base /home/ayush/ayush_ros/build/ayush_publisher/build install --record /home/ayush/ayush_ros/build/ayush_publisher/install.log --single-version-externally-managed
[1.433s] running egg_info
[1.433s] writing ../../build/ayush_publisher/ayush_publisher.egg-info/PKG-INFO
[1.434s] writing dependency_links to ../../build/ayush_publisher/ayush_publisher.egg-info/dependency_links.txt
[1.434s] writing entry points to ../../build/ayush_publisher/ayush_publisher.egg-info/entry_points.txt
[1.434s] writing requirements to ../../build/ayush_publisher/ayush_publisher.egg-info/requires.txt
[1.435s] writing top-level names to ../../build/ayush_publisher/ayush_publisher.egg-info/top_level.txt
[1.436s] reading manifest file '../../build/ayush_publisher/ayush_publisher.egg-info/SOURCES.txt'
[1.438s] writing manifest file '../../build/ayush_publisher/ayush_publisher.egg-info/SOURCES.txt'
[1.438s] running build
[1.438s] running build_py
[1.438s] copying ayush_publisher/simple_publisher.py -> /home/ayush/ayush_ros/build/ayush_publisher/build/lib/ayush_publisher
[1.439s] running install
[1.439s] /usr/lib/python3/dist-packages/setuptools/command/install.py:34: SetuptoolsDeprecationWarning: setup.py install is deprecated. Use build and pip and other standards-based tools.
[1.439s]   warnings.warn(
[1.439s] running install_lib
[1.440s] copying /home/ayush/ayush_ros/build/ayush_publisher/build/lib/ayush_publisher/simple_publisher.py -> /home/ayush/ayush_ros/install/ayush_publisher/lib/python3.10/site-packages/ayush_publisher
[1.441s] byte-compiling /home/ayush/ayush_ros/install/ayush_publisher/lib/python3.10/site-packages/ayush_publisher/simple_publisher.py to simple_publisher.cpython-310.pyc
[1.442s] running install_data
[1.442s] copying package.xml -> /home/ayush/ayush_ros/install/ayush_publisher/share/ayush_publisher
[1.442s] running install_egg_info
[1.445s] removing '/home/ayush/ayush_ros/install/ayush_publisher/lib/python3.10/site-packages/ayush_publisher-0.0.0-py3.10.egg-info' (and everything under it)
[1.446s] Copying ../../build/ayush_publisher/ayush_publisher.egg-info to /home/ayush/ayush_ros/install/ayush_publisher/lib/python3.10/site-packages/ayush_publisher-0.0.0-py3.10.egg-info
[1.447s] running install_scripts
[1.468s] Installing simple_publisher script to /home/ayush/ayush_ros/install/ayush_publisher/lib/ayush_publisher
[1.468s] writing list of installed files to '/home/ayush/ayush_ros/build/ayush_publisher/install.log'
[1.490s] Invoked command in '/home/ayush/ayush_ros/src/ayush_publisher' returned '0': PYTHONPATH=/home/ayush/ayush_ros/build/ayush_publisher/prefix_override:/home/ayush/ayush_ros/install/ayush_publisher/lib/python3.10/site-packages:${PYTHONPATH} /usr/bin/python3 setup.py egg_info --egg-base ../../build/ayush_publisher build --build-base /home/ayush/ayush_ros/build/ayush_publisher/build install --record /home/ayush/ayush_ros/build/ayush_publisher/install.log --single-version-externally-managed
