[1.014s] Invoking command in '/home/ayush/ayush_ros/src/ayush_publisher': PYTHONPATH=/home/ayush/ayush_ros/build/ayush_publisher/prefix_override:/home/ayush/ayush_ros/install/ayush_publisher/lib/python3.10/site-packages:${PYTHONPATH} /usr/bin/python3 setup.py egg_info --egg-base ../../build/ayush_publisher build --build-base /home/ayush/ayush_ros/build/ayush_publisher/build install --record /home/ayush/ayush_ros/build/ayush_publisher/install.log --single-version-externally-managed
[1.292s] running egg_info
[1.293s] writing ../../build/ayush_publisher/ayush_publisher.egg-info/PKG-INFO
[1.293s] writing dependency_links to ../../build/ayush_publisher/ayush_publisher.egg-info/dependency_links.txt
[1.294s] writing entry points to ../../build/ayush_publisher/ayush_publisher.egg-info/entry_points.txt
[1.294s] writing requirements to ../../build/ayush_publisher/ayush_publisher.egg-info/requires.txt
[1.294s] writing top-level names to ../../build/ayush_publisher/ayush_publisher.egg-info/top_level.txt
[1.296s] reading manifest file '../../build/ayush_publisher/ayush_publisher.egg-info/SOURCES.txt'
[1.297s] writing manifest file '../../build/ayush_publisher/ayush_publisher.egg-info/SOURCES.txt'
[1.297s] running build
[1.297s] running build_py
[1.297s] copying ayush_publisher/simple_publisher.py -> /home/ayush/ayush_ros/build/ayush_publisher/build/lib/ayush_publisher
[1.297s] running install
[1.298s] /usr/lib/python3/dist-packages/setuptools/command/install.py:34: SetuptoolsDeprecationWarning: setup.py install is deprecated. Use build and pip and other standards-based tools.
[1.298s]   warnings.warn(
[1.298s] running install_lib
[1.299s] copying /home/ayush/ayush_ros/build/ayush_publisher/build/lib/ayush_publisher/simple_publisher.py -> /home/ayush/ayush_ros/install/ayush_publisher/lib/python3.10/site-packages/ayush_publisher
[1.299s] byte-compiling /home/ayush/ayush_ros/install/ayush_publisher/lib/python3.10/site-packages/ayush_publisher/simple_publisher.py to simple_publisher.cpython-310.pyc
[1.300s] running install_data
[1.301s] running install_egg_info
[1.303s] removing '/home/ayush/ayush_ros/install/ayush_publisher/lib/python3.10/site-packages/ayush_publisher-0.0.0-py3.10.egg-info' (and everything under it)
[1.303s] Copying ../../build/ayush_publisher/ayush_publisher.egg-info to /home/ayush/ayush_ros/install/ayush_publisher/lib/python3.10/site-packages/ayush_publisher-0.0.0-py3.10.egg-info
[1.305s] running install_scripts
[1.325s] Installing simple_publisher script to /home/ayush/ayush_ros/install/ayush_publisher/lib/ayush_publisher
[1.326s] writing list of installed files to '/home/ayush/ayush_ros/build/ayush_publisher/install.log'
[1.352s] Invoked command in '/home/ayush/ayush_ros/src/ayush_publisher' returned '0': PYTHONPATH=/home/ayush/ayush_ros/build/ayush_publisher/prefix_override:/home/ayush/ayush_ros/install/ayush_publisher/lib/python3.10/site-packages:${PYTHONPATH} /usr/bin/python3 setup.py egg_info --egg-base ../../build/ayush_publisher build --build-base /home/ayush/ayush_ros/build/ayush_publisher/build install --record /home/ayush/ayush_ros/build/ayush_publisher/install.log --single-version-externally-managed
