[1.298s] DEBUG:colcon:Command line arguments: ['/usr/bin/colcon', 'build']
[1.299s] DEBUG:colcon:Parsed command line arguments: Namespace(log_base=None, log_level=None, verb_name='build', build_base='build', install_base='install', merge_install=False, symlink_install=False, test_result_base=None, continue_on_error=False, executor='parallel', parallel_workers=12, event_handlers=None, ignore_user_meta=False, metas=['./colcon.meta'], base_paths=['.'], packages_ignore=None, packages_ignore_regex=None, paths=None, packages_up_to=None, packages_up_to_regex=None, packages_above=None, packages_above_and_dependencies=None, packages_above_depth=None, packages_select_by_dep=None, packages_skip_by_dep=None, packages_skip_up_to=None, packages_select_build_failed=False, packages_skip_build_finished=False, packages_select_test_failures=False, packages_skip_test_passed=False, packages_select=None, packages_skip=None, packages_select_regex=None, packages_skip_regex=None, packages_start=None, packages_end=None, allow_overriding=[], cmake_args=None, cmake_target=None, cmake_target_skip_unavailable=False, cmake_clean_cache=False, cmake_clean_first=False, cmake_force_configure=False, ament_cmake_args=None, catkin_cmake_args=None, catkin_skip_building_tests=False, verb_parser=<colcon_defaults.argument_parser.defaults.DefaultArgumentsDecorator object at 0x7f8a79a5ca00>, verb_extension=<colcon_core.verb.build.BuildVerb object at 0x7f8a79ed3eb0>, main=<bound method BuildVerb.main of <colcon_core.verb.build.BuildVerb object at 0x7f8a79ed3eb0>>)
[1.358s] Level 1:colcon.colcon_core.package_discovery:discover_packages(colcon_meta) check parameters
[1.358s] Level 1:colcon.colcon_core.package_discovery:discover_packages(recursive) check parameters
[1.358s] Level 1:colcon.colcon_core.package_discovery:discover_packages(ignore) check parameters
[1.358s] Level 1:colcon.colcon_core.package_discovery:discover_packages(path) check parameters
[1.358s] Level 1:colcon.colcon_core.package_discovery:discover_packages(colcon_meta) discover
[1.358s] Level 1:colcon.colcon_core.package_discovery:discover_packages(recursive) discover
[1.358s] INFO:colcon.colcon_core.package_discovery:Crawling recursively for packages in '/home/ayush/ayush_ros'
[1.358s] Level 1:colcon.colcon_core.package_identification:_identify(.) by extensions ['ignore', 'ignore_ament_install']
[1.359s] Level 1:colcon.colcon_core.package_identification:_identify(.) by extension 'ignore'
[1.359s] Level 1:colcon.colcon_core.package_identification:_identify(.) by extension 'ignore_ament_install'
[1.359s] Level 1:colcon.colcon_core.package_identification:_identify(.) by extensions ['colcon_pkg']
[1.359s] Level 1:colcon.colcon_core.package_identification:_identify(.) by extension 'colcon_pkg'
[1.359s] Level 1:colcon.colcon_core.package_identification:_identify(.) by extensions ['colcon_meta']
[1.359s] Level 1:colcon.colcon_core.package_identification:_identify(.) by extension 'colcon_meta'
[1.359s] Level 1:colcon.colcon_core.package_identification:_identify(.) by extensions ['ros']
[1.359s] Level 1:colcon.colcon_core.package_identification:_identify(.) by extension 'ros'
[1.372s] Level 1:colcon.colcon_core.package_identification:_identify(.) by extensions ['cmake', 'python']
[1.372s] Level 1:colcon.colcon_core.package_identification:_identify(.) by extension 'cmake'
[1.372s] Level 1:colcon.colcon_core.package_identification:_identify(.) by extension 'python'
[1.372s] Level 1:colcon.colcon_core.package_identification:_identify(.) by extensions ['python_setup_py']
[1.372s] Level 1:colcon.colcon_core.package_identification:_identify(.) by extension 'python_setup_py'
[1.372s] Level 1:colcon.colcon_core.package_identification:_identify(build) by extensions ['ignore', 'ignore_ament_install']
[1.372s] Level 1:colcon.colcon_core.package_identification:_identify(build) by extension 'ignore'
[1.373s] Level 1:colcon.colcon_core.package_identification:_identify(build) ignored
[1.373s] Level 1:colcon.colcon_core.package_identification:_identify(install) by extensions ['ignore', 'ignore_ament_install']
[1.373s] Level 1:colcon.colcon_core.package_identification:_identify(install) by extension 'ignore'
[1.373s] Level 1:colcon.colcon_core.package_identification:_identify(install) ignored
[1.373s] Level 1:colcon.colcon_core.package_identification:_identify(log) by extensions ['ignore', 'ignore_ament_install']
[1.373s] Level 1:colcon.colcon_core.package_identification:_identify(log) by extension 'ignore'
[1.373s] Level 1:colcon.colcon_core.package_identification:_identify(log) ignored
[1.374s] Level 1:colcon.colcon_core.package_identification:_identify(src) by extensions ['ignore', 'ignore_ament_install']
[1.374s] Level 1:colcon.colcon_core.package_identification:_identify(src) by extension 'ignore'
[1.374s] Level 1:colcon.colcon_core.package_identification:_identify(src) by extension 'ignore_ament_install'
[1.374s] Level 1:colcon.colcon_core.package_identification:_identify(src) by extensions ['colcon_pkg']
[1.374s] Level 1:colcon.colcon_core.package_identification:_identify(src) by extension 'colcon_pkg'
[1.374s] Level 1:colcon.colcon_core.package_identification:_identify(src) by extensions ['colcon_meta']
[1.374s] Level 1:colcon.colcon_core.package_identification:_identify(src) by extension 'colcon_meta'
[1.374s] Level 1:colcon.colcon_core.package_identification:_identify(src) by extensions ['ros']
[1.374s] Level 1:colcon.colcon_core.package_identification:_identify(src) by extension 'ros'
[1.374s] Level 1:colcon.colcon_core.package_identification:_identify(src) by extensions ['cmake', 'python']
[1.374s] Level 1:colcon.colcon_core.package_identification:_identify(src) by extension 'cmake'
[1.375s] Level 1:colcon.colcon_core.package_identification:_identify(src) by extension 'python'
[1.375s] Level 1:colcon.colcon_core.package_identification:_identify(src) by extensions ['python_setup_py']
[1.375s] Level 1:colcon.colcon_core.package_identification:_identify(src) by extension 'python_setup_py'
[1.375s] Level 1:colcon.colcon_core.package_identification:_identify(src/ayush_publisher) by extensions ['ignore', 'ignore_ament_install']
[1.375s] Level 1:colcon.colcon_core.package_identification:_identify(src/ayush_publisher) by extension 'ignore'
[1.375s] Level 1:colcon.colcon_core.package_identification:_identify(src/ayush_publisher) by extension 'ignore_ament_install'
[1.375s] Level 1:colcon.colcon_core.package_identification:_identify(src/ayush_publisher) by extensions ['colcon_pkg']
[1.375s] Level 1:colcon.colcon_core.package_identification:_identify(src/ayush_publisher) by extension 'colcon_pkg'
[1.375s] Level 1:colcon.colcon_core.package_identification:_identify(src/ayush_publisher) by extensions ['colcon_meta']
[1.375s] Level 1:colcon.colcon_core.package_identification:_identify(src/ayush_publisher) by extension 'colcon_meta'
[1.375s] Level 1:colcon.colcon_core.package_identification:_identify(src/ayush_publisher) by extensions ['ros']
[1.375s] Level 1:colcon.colcon_core.package_identification:_identify(src/ayush_publisher) by extension 'ros'
[1.378s] DEBUG:colcon.colcon_core.package_identification:Package 'src/ayush_publisher' with type 'ros.ament_python' and name 'ayush_publisher'
[1.378s] Level 1:colcon.colcon_core.package_identification:_identify(src/ayush_publisher_cc) by extensions ['ignore', 'ignore_ament_install']
[1.378s] Level 1:colcon.colcon_core.package_identification:_identify(src/ayush_publisher_cc) by extension 'ignore'
[1.378s] Level 1:colcon.colcon_core.package_identification:_identify(src/ayush_publisher_cc) by extension 'ignore_ament_install'
[1.379s] Level 1:colcon.colcon_core.package_identification:_identify(src/ayush_publisher_cc) by extensions ['colcon_pkg']
[1.379s] Level 1:colcon.colcon_core.package_identification:_identify(src/ayush_publisher_cc) by extension 'colcon_pkg'
[1.379s] Level 1:colcon.colcon_core.package_identification:_identify(src/ayush_publisher_cc) by extensions ['colcon_meta']
[1.379s] Level 1:colcon.colcon_core.package_identification:_identify(src/ayush_publisher_cc) by extension 'colcon_meta'
[1.379s] Level 1:colcon.colcon_core.package_identification:_identify(src/ayush_publisher_cc) by extensions ['ros']
[1.379s] Level 1:colcon.colcon_core.package_identification:_identify(src/ayush_publisher_cc) by extension 'ros'
[1.379s] DEBUG:colcon.colcon_core.package_identification:Package 'src/ayush_publisher_cc' with type 'ros.cmake' and name 'ayush_publisher_cc'
[1.379s] Level 1:colcon.colcon_core.package_discovery:discover_packages(recursive) using defaults
[1.380s] Level 1:colcon.colcon_core.package_discovery:discover_packages(ignore) discover
[1.380s] Level 1:colcon.colcon_core.package_discovery:discover_packages(ignore) using defaults
[1.380s] Level 1:colcon.colcon_core.package_discovery:discover_packages(path) discover
[1.380s] Level 1:colcon.colcon_core.package_discovery:discover_packages(path) using defaults
[1.498s] Level 1:colcon.colcon_core.package_discovery:discover_packages(prefix_path) check parameters
[1.498s] Level 1:colcon.colcon_core.package_discovery:discover_packages(prefix_path) discover
[1.538s] DEBUG:colcon.colcon_installed_package_information.package_discovery:Found 3 installed packages in /home/ayush/turtlebot3_ws/install
[1.560s] DEBUG:colcon.colcon_installed_package_information.package_discovery:Found 393 installed packages in /opt/ros/humble
[1.577s] Level 1:colcon.colcon_core.package_discovery:discover_packages(prefix_path) using defaults
[1.705s] Level 5:colcon.colcon_core.verb:set package 'ayush_publisher' build argument 'cmake_args' from command line to 'None'
[1.705s] Level 5:colcon.colcon_core.verb:set package 'ayush_publisher' build argument 'cmake_target' from command line to 'None'
[1.705s] Level 5:colcon.colcon_core.verb:set package 'ayush_publisher' build argument 'cmake_target_skip_unavailable' from command line to 'False'
[1.706s] Level 5:colcon.colcon_core.verb:set package 'ayush_publisher' build argument 'cmake_clean_cache' from command line to 'False'
[1.706s] Level 5:colcon.colcon_core.verb:set package 'ayush_publisher' build argument 'cmake_clean_first' from command line to 'False'
[1.706s] Level 5:colcon.colcon_core.verb:set package 'ayush_publisher' build argument 'cmake_force_configure' from command line to 'False'
[1.706s] Level 5:colcon.colcon_core.verb:set package 'ayush_publisher' build argument 'ament_cmake_args' from command line to 'None'
[1.706s] Level 5:colcon.colcon_core.verb:set package 'ayush_publisher' build argument 'catkin_cmake_args' from command line to 'None'
[1.706s] Level 5:colcon.colcon_core.verb:set package 'ayush_publisher' build argument 'catkin_skip_building_tests' from command line to 'False'
[1.706s] DEBUG:colcon.colcon_core.verb:Building package 'ayush_publisher' with the following arguments: {'ament_cmake_args': None, 'build_base': '/home/ayush/ayush_ros/build/ayush_publisher', 'catkin_cmake_args': None, 'catkin_skip_building_tests': False, 'cmake_args': None, 'cmake_clean_cache': False, 'cmake_clean_first': False, 'cmake_force_configure': False, 'cmake_target': None, 'cmake_target_skip_unavailable': False, 'install_base': '/home/ayush/ayush_ros/install/ayush_publisher', 'merge_install': False, 'path': '/home/ayush/ayush_ros/src/ayush_publisher', 'symlink_install': False, 'test_result_base': None}
[1.726s] Level 5:colcon.colcon_core.verb:set package 'ayush_publisher_cc' build argument 'cmake_args' from command line to 'None'
[1.726s] Level 5:colcon.colcon_core.verb:set package 'ayush_publisher_cc' build argument 'cmake_target' from command line to 'None'
[1.726s] Level 5:colcon.colcon_core.verb:set package 'ayush_publisher_cc' build argument 'cmake_target_skip_unavailable' from command line to 'False'
[1.726s] Level 5:colcon.colcon_core.verb:set package 'ayush_publisher_cc' build argument 'cmake_clean_cache' from command line to 'False'
[1.726s] Level 5:colcon.colcon_core.verb:set package 'ayush_publisher_cc' build argument 'cmake_clean_first' from command line to 'False'
[1.726s] Level 5:colcon.colcon_core.verb:set package 'ayush_publisher_cc' build argument 'cmake_force_configure' from command line to 'False'
[1.726s] Level 5:colcon.colcon_core.verb:set package 'ayush_publisher_cc' build argument 'ament_cmake_args' from command line to 'None'
[1.726s] Level 5:colcon.colcon_core.verb:set package 'ayush_publisher_cc' build argument 'catkin_cmake_args' from command line to 'None'
[1.726s] Level 5:colcon.colcon_core.verb:set package 'ayush_publisher_cc' build argument 'catkin_skip_building_tests' from command line to 'False'
[1.726s] DEBUG:colcon.colcon_core.verb:Building package 'ayush_publisher_cc' with the following arguments: {'ament_cmake_args': None, 'build_base': '/home/ayush/ayush_ros/build/ayush_publisher_cc', 'catkin_cmake_args': None, 'catkin_skip_building_tests': False, 'cmake_args': None, 'cmake_clean_cache': False, 'cmake_clean_first': False, 'cmake_force_configure': False, 'cmake_target': None, 'cmake_target_skip_unavailable': False, 'install_base': '/home/ayush/ayush_ros/install/ayush_publisher_cc', 'merge_install': False, 'path': '/home/ayush/ayush_ros/src/ayush_publisher_cc', 'symlink_install': False, 'test_result_base': None}
[1.745s] INFO:colcon.colcon_core.executor:Executing jobs using 'parallel' executor
[1.766s] DEBUG:colcon.colcon_parallel_executor.executor.parallel:run_until_complete
[1.766s] INFO:colcon.colcon_ros.task.ament_python.build:Building ROS package in '/home/ayush/ayush_ros/src/ayush_publisher' with build type 'ament_python'
[1.767s] Level 1:colcon.colcon_core.shell:create_environment_hook('ayush_publisher', 'ament_prefix_path')
[1.788s] INFO:colcon.colcon_core.plugin_system:Skipping extension 'colcon_core.shell.bat': Not used on non-Windows systems
[1.789s] INFO:colcon.colcon_core.shell:Creating environment hook '/home/ayush/ayush_ros/install/ayush_publisher/share/ayush_publisher/hook/ament_prefix_path.ps1'
[1.789s] INFO:colcon.colcon_core.shell:Creating environment descriptor '/home/ayush/ayush_ros/install/ayush_publisher/share/ayush_publisher/hook/ament_prefix_path.dsv'
[1.790s] INFO:colcon.colcon_core.shell:Creating environment hook '/home/ayush/ayush_ros/install/ayush_publisher/share/ayush_publisher/hook/ament_prefix_path.sh'
[1.810s] INFO:colcon.colcon_core.shell:Skip shell extension 'powershell' for command environment: Not usable outside of PowerShell
[1.810s] DEBUG:colcon.colcon_core.shell:Skip shell extension 'dsv' for command environment
[1.872s] INFO:colcon.colcon_ros.task.cmake.build:Building ROS package in '/home/ayush/ayush_ros/src/ayush_publisher_cc' with build type 'cmake'
[1.872s] INFO:colcon.colcon_cmake.task.cmake.build:Building CMake package in '/home/ayush/ayush_ros/src/ayush_publisher_cc'
[1.895s] INFO:colcon.colcon_core.shell:Skip shell extension 'powershell' for command environment: Not usable outside of PowerShell
[1.896s] DEBUG:colcon.colcon_core.shell:Skip shell extension 'dsv' for command environment
[2.292s] INFO:colcon.colcon_core.task.python.build:Building Python package in '/home/ayush/ayush_ros/src/ayush_publisher'
[2.313s] INFO:colcon.colcon_core.shell:Skip shell extension 'powershell' for command environment: Not usable outside of PowerShell
[2.313s] DEBUG:colcon.colcon_core.shell:Skip shell extension 'dsv' for command environment
[2.380s] DEBUG:colcon.colcon_core.event_handler.log_command:Invoking command in '/home/ayush/ayush_ros/build/ayush_publisher_cc': CMAKE_PREFIX_PATH=${CMAKE_PREFIX_PATH}:/opt/ros/humble /usr/bin/cmake --build /home/ayush/ayush_ros/build/ayush_publisher_cc -- -j12 -l12
[2.427s] DEBUG:colcon.colcon_core.event_handler.log_command:Invoked command in '/home/ayush/ayush_ros/build/ayush_publisher_cc' returned '0': CMAKE_PREFIX_PATH=${CMAKE_PREFIX_PATH}:/opt/ros/humble /usr/bin/cmake --build /home/ayush/ayush_ros/build/ayush_publisher_cc -- -j12 -l12
[2.450s] WARNING:colcon.colcon_cmake.task.cmake.build:Could not run installation step for package 'ayush_publisher_cc' because it has no 'install' target
[2.473s] Level 1:colcon.colcon_core.environment:create_environment_scripts_only(ayush_publisher_cc)
[2.495s] Level 1:colcon.colcon_core.environment:checking '/home/ayush/ayush_ros/install/ayush_publisher_cc' for CMake module files
[2.495s] Level 1:colcon.colcon_core.environment:checking '/home/ayush/ayush_ros/install/ayush_publisher_cc' for CMake config files
[2.495s] Level 1:colcon.colcon_core.environment:checking '/home/ayush/ayush_ros/install/ayush_publisher_cc/bin'
[2.496s] Level 1:colcon.colcon_core.environment:checking '/home/ayush/ayush_ros/install/ayush_publisher_cc/lib/pkgconfig/ayush_publisher_cc.pc'
[2.496s] Level 1:colcon.colcon_core.environment:checking '/home/ayush/ayush_ros/install/ayush_publisher_cc/lib/python3.10/site-packages'
[2.496s] Level 1:colcon.colcon_core.environment:checking '/home/ayush/ayush_ros/install/ayush_publisher_cc/bin'
[2.516s] INFO:colcon.colcon_core.shell:Creating package script '/home/ayush/ayush_ros/install/ayush_publisher_cc/share/ayush_publisher_cc/package.ps1'
[2.517s] INFO:colcon.colcon_core.shell:Creating package descriptor '/home/ayush/ayush_ros/install/ayush_publisher_cc/share/ayush_publisher_cc/package.dsv'
[2.517s] INFO:colcon.colcon_core.shell:Creating package script '/home/ayush/ayush_ros/install/ayush_publisher_cc/share/ayush_publisher_cc/package.sh'
[2.518s] INFO:colcon.colcon_core.shell:Creating package script '/home/ayush/ayush_ros/install/ayush_publisher_cc/share/ayush_publisher_cc/package.bash'
[2.519s] INFO:colcon.colcon_core.shell:Creating package script '/home/ayush/ayush_ros/install/ayush_publisher_cc/share/ayush_publisher_cc/package.zsh'
[2.519s] Level 1:colcon.colcon_core.environment:create_file_with_runtime_dependencies(/home/ayush/ayush_ros/install/ayush_publisher_cc/share/colcon-core/packages/ayush_publisher_cc)
[2.781s] DEBUG:colcon.colcon_core.event_handler.log_command:Invoking command in '/home/ayush/ayush_ros/src/ayush_publisher': PYTHONPATH=/home/ayush/ayush_ros/build/ayush_publisher/prefix_override:/home/ayush/ayush_ros/install/ayush_publisher/lib/python3.10/site-packages:${PYTHONPATH} /usr/bin/python3 setup.py egg_info --egg-base ../../build/ayush_publisher build --build-base /home/ayush/ayush_ros/build/ayush_publisher/build install --record /home/ayush/ayush_ros/build/ayush_publisher/install.log --single-version-externally-managed
[3.119s] DEBUG:colcon.colcon_core.event_handler.log_command:Invoked command in '/home/ayush/ayush_ros/src/ayush_publisher' returned '0': PYTHONPATH=/home/ayush/ayush_ros/build/ayush_publisher/prefix_override:/home/ayush/ayush_ros/install/ayush_publisher/lib/python3.10/site-packages:${PYTHONPATH} /usr/bin/python3 setup.py egg_info --egg-base ../../build/ayush_publisher build --build-base /home/ayush/ayush_ros/build/ayush_publisher/build install --record /home/ayush/ayush_ros/build/ayush_publisher/install.log --single-version-externally-managed
[3.138s] Level 1:colcon.colcon_core.environment:checking '/home/ayush/ayush_ros/install/ayush_publisher' for CMake module files
[3.139s] Level 1:colcon.colcon_core.environment:checking '/home/ayush/ayush_ros/install/ayush_publisher' for CMake config files
[3.139s] Level 1:colcon.colcon_core.environment:checking '/home/ayush/ayush_ros/install/ayush_publisher/lib'
[3.139s] Level 1:colcon.colcon_core.environment:checking '/home/ayush/ayush_ros/install/ayush_publisher/bin'
[3.140s] Level 1:colcon.colcon_core.environment:checking '/home/ayush/ayush_ros/install/ayush_publisher/lib/pkgconfig/ayush_publisher.pc'
[3.140s] Level 1:colcon.colcon_core.environment:checking '/home/ayush/ayush_ros/install/ayush_publisher/lib/python3.10/site-packages'
[3.140s] Level 1:colcon.colcon_core.shell:create_environment_hook('ayush_publisher', 'pythonpath')
[3.159s] INFO:colcon.colcon_core.shell:Creating environment hook '/home/ayush/ayush_ros/install/ayush_publisher/share/ayush_publisher/hook/pythonpath.ps1'
[3.159s] INFO:colcon.colcon_core.shell:Creating environment descriptor '/home/ayush/ayush_ros/install/ayush_publisher/share/ayush_publisher/hook/pythonpath.dsv'
[3.160s] INFO:colcon.colcon_core.shell:Creating environment hook '/home/ayush/ayush_ros/install/ayush_publisher/share/ayush_publisher/hook/pythonpath.sh'
[3.160s] Level 1:colcon.colcon_core.environment:checking '/home/ayush/ayush_ros/install/ayush_publisher/bin'
[3.160s] Level 1:colcon.colcon_core.environment:create_environment_scripts_only(ayush_publisher)
[3.180s] INFO:colcon.colcon_core.shell:Creating package script '/home/ayush/ayush_ros/install/ayush_publisher/share/ayush_publisher/package.ps1'
[3.180s] INFO:colcon.colcon_core.shell:Creating package descriptor '/home/ayush/ayush_ros/install/ayush_publisher/share/ayush_publisher/package.dsv'
[3.181s] INFO:colcon.colcon_core.shell:Creating package script '/home/ayush/ayush_ros/install/ayush_publisher/share/ayush_publisher/package.sh'
[3.181s] INFO:colcon.colcon_core.shell:Creating package script '/home/ayush/ayush_ros/install/ayush_publisher/share/ayush_publisher/package.bash'
[3.182s] INFO:colcon.colcon_core.shell:Creating package script '/home/ayush/ayush_ros/install/ayush_publisher/share/ayush_publisher/package.zsh'
[3.182s] Level 1:colcon.colcon_core.environment:create_file_with_runtime_dependencies(/home/ayush/ayush_ros/install/ayush_publisher/share/colcon-core/packages/ayush_publisher)
[3.183s] DEBUG:colcon.colcon_parallel_executor.executor.parallel:closing loop
[3.183s] DEBUG:colcon.colcon_parallel_executor.executor.parallel:loop closed
[3.183s] DEBUG:colcon.colcon_parallel_executor.executor.parallel:run_until_complete finished with '0'
[3.183s] DEBUG:colcon.colcon_core.event_reactor:joining thread
[3.208s] INFO:colcon.colcon_core.plugin_system:Skipping extension 'colcon_notification.desktop_notification.terminal_notifier': Not used on non-Darwin systems
[3.208s] INFO:colcon.colcon_core.plugin_system:Skipping extension 'colcon_notification.desktop_notification.win32': Not used on non-Windows systems
[3.208s] INFO:colcon.colcon_notification.desktop_notification:Sending desktop notification using 'notify2'
[3.221s] DEBUG:colcon.colcon_core.event_reactor:joined thread
[3.242s] INFO:colcon.colcon_core.shell:Creating prefix script '/home/ayush/ayush_ros/install/local_setup.ps1'
[3.244s] INFO:colcon.colcon_core.shell:Creating prefix util module '/home/ayush/ayush_ros/install/_local_setup_util_ps1.py'
[3.245s] INFO:colcon.colcon_core.shell:Creating prefix chain script '/home/ayush/ayush_ros/install/setup.ps1'
[3.266s] INFO:colcon.colcon_core.shell:Creating prefix script '/home/ayush/ayush_ros/install/local_setup.sh'
[3.266s] INFO:colcon.colcon_core.shell:Creating prefix util module '/home/ayush/ayush_ros/install/_local_setup_util_sh.py'
[3.267s] INFO:colcon.colcon_core.shell:Creating prefix chain script '/home/ayush/ayush_ros/install/setup.sh'
[3.287s] INFO:colcon.colcon_core.shell:Creating prefix script '/home/ayush/ayush_ros/install/local_setup.bash'
[3.288s] INFO:colcon.colcon_core.shell:Creating prefix chain script '/home/ayush/ayush_ros/install/setup.bash'
[3.308s] INFO:colcon.colcon_core.shell:Creating prefix script '/home/ayush/ayush_ros/install/local_setup.zsh'
[3.308s] INFO:colcon.colcon_core.shell:Creating prefix chain script '/home/ayush/ayush_ros/install/setup.zsh'
