running egg_info
creating ../../build/ayush_publisher/ayush_publisher.egg-info
writing ../../build/ayush_publisher/ayush_publisher.egg-info/PKG-INFO
writing dependency_links to ../../build/ayush_publisher/ayush_publisher.egg-info/dependency_links.txt
writing entry points to ../../build/ayush_publisher/ayush_publisher.egg-info/entry_points.txt
writing requirements to ../../build/ayush_publisher/ayush_publisher.egg-info/requires.txt
writing top-level names to ../../build/ayush_publisher/ayush_publisher.egg-info/top_level.txt
writing manifest file '../../build/ayush_publisher/ayush_publisher.egg-info/SOURCES.txt'
reading manifest file '../../build/ayush_publisher/ayush_publisher.egg-info/SOURCES.txt'
writing manifest file '../../build/ayush_publisher/ayush_publisher.egg-info/SOURCES.txt'
running build
running build_py
creating /home/ayush/ayush_ros/build/ayush_publisher/build
creating /home/ayush/ayush_ros/build/ayush_publisher/build/lib
creating /home/ayush/ayush_ros/build/ayush_publisher/build/lib/ayush_publisher
copying ayush_publisher/__init__.py -> /home/ayush/ayush_ros/build/ayush_publisher/build/lib/ayush_publisher
running install
running install_lib
creating /home/ayush/ayush_ros/install/ayush_publisher/lib/python3.10/site-packages/ayush_publisher
copying /home/ayush/ayush_ros/build/ayush_publisher/build/lib/ayush_publisher/__init__.py -> /home/ayush/ayush_ros/install/ayush_publisher/lib/python3.10/site-packages/ayush_publisher
byte-compiling /home/ayush/ayush_ros/install/ayush_publisher/lib/python3.10/site-packages/ayush_publisher/__init__.py to __init__.cpython-310.pyc
running install_data
creating /home/ayush/ayush_ros/install/ayush_publisher/share/ament_index
creating /home/ayush/ayush_ros/install/ayush_publisher/share/ament_index/resource_index
creating /home/ayush/ayush_ros/install/ayush_publisher/share/ament_index/resource_index/packages
copying resource/ayush_publisher -> /home/ayush/ayush_ros/install/ayush_publisher/share/ament_index/resource_index/packages
copying package.xml -> /home/ayush/ayush_ros/install/ayush_publisher/share/ayush_publisher
running install_egg_info
Copying ../../build/ayush_publisher/ayush_publisher.egg-info to /home/ayush/ayush_ros/install/ayush_publisher/lib/python3.10/site-packages/ayush_publisher-0.0.0-py3.10.egg-info
running install_scripts
writing list of installed files to '/home/ayush/ayush_ros/build/ayush_publisher/install.log'
