[1.097s] Invoking command in '/home/ayush/ayush_ros/src/ayush_publisher': PYTHONPATH=/home/ayush/ayush_ros/build/ayush_publisher/prefix_override:/home/ayush/ayush_ros/install/ayush_publisher/lib/python3.10/site-packages:${PYTHONPATH} /usr/bin/python3 setup.py egg_info --egg-base ../../build/ayush_publisher build --build-base /home/ayush/ayush_ros/build/ayush_publisher/build install --record /home/ayush/ayush_ros/build/ayush_publisher/install.log --single-version-externally-managed
[1.372s] running egg_info
[1.372s] creating ../../build/ayush_publisher/ayush_publisher.egg-info
[1.373s] writing ../../build/ayush_publisher/ayush_publisher.egg-info/PKG-INFO
[1.373s] writing dependency_links to ../../build/ayush_publisher/ayush_publisher.egg-info/dependency_links.txt
[1.373s] writing entry points to ../../build/ayush_publisher/ayush_publisher.egg-info/entry_points.txt
[1.373s] writing requirements to ../../build/ayush_publisher/ayush_publisher.egg-info/requires.txt
[1.373s] writing top-level names to ../../build/ayush_publisher/ayush_publisher.egg-info/top_level.txt
[1.373s] writing manifest file '../../build/ayush_publisher/ayush_publisher.egg-info/SOURCES.txt'
[1.375s] reading manifest file '../../build/ayush_publisher/ayush_publisher.egg-info/SOURCES.txt'
[1.376s] writing manifest file '../../build/ayush_publisher/ayush_publisher.egg-info/SOURCES.txt'
[1.376s] running build
[1.376s] running build_py
[1.376s] creating /home/ayush/ayush_ros/build/ayush_publisher/build
[1.376s] creating /home/ayush/ayush_ros/build/ayush_publisher/build/lib
[1.376s] creating /home/ayush/ayush_ros/build/ayush_publisher/build/lib/ayush_publisher
[1.377s] copying ayush_publisher/__init__.py -> /home/ayush/ayush_ros/build/ayush_publisher/build/lib/ayush_publisher
[1.377s] running install
[1.384s] /usr/lib/python3/dist-packages/setuptools/command/install.py:34: SetuptoolsDeprecationWarning: setup.py install is deprecated. Use build and pip and other standards-based tools.
[1.385s]   warnings.warn(
[1.385s] running install_lib
[1.386s] creating /home/ayush/ayush_ros/install/ayush_publisher/lib/python3.10/site-packages/ayush_publisher
[1.386s] copying /home/ayush/ayush_ros/build/ayush_publisher/build/lib/ayush_publisher/__init__.py -> /home/ayush/ayush_ros/install/ayush_publisher/lib/python3.10/site-packages/ayush_publisher
[1.386s] byte-compiling /home/ayush/ayush_ros/install/ayush_publisher/lib/python3.10/site-packages/ayush_publisher/__init__.py to __init__.cpython-310.pyc
[1.387s] running install_data
[1.387s] creating /home/ayush/ayush_ros/install/ayush_publisher/share/ament_index
[1.387s] creating /home/ayush/ayush_ros/install/ayush_publisher/share/ament_index/resource_index
[1.388s] creating /home/ayush/ayush_ros/install/ayush_publisher/share/ament_index/resource_index/packages
[1.388s] copying resource/ayush_publisher -> /home/ayush/ayush_ros/install/ayush_publisher/share/ament_index/resource_index/packages
[1.388s] copying package.xml -> /home/ayush/ayush_ros/install/ayush_publisher/share/ayush_publisher
[1.388s] running install_egg_info
[1.390s] Copying ../../build/ayush_publisher/ayush_publisher.egg-info to /home/ayush/ayush_ros/install/ayush_publisher/lib/python3.10/site-packages/ayush_publisher-0.0.0-py3.10.egg-info
[1.391s] running install_scripts
[1.411s] writing list of installed files to '/home/ayush/ayush_ros/build/ayush_publisher/install.log'
[1.434s] Invoked command in '/home/ayush/ayush_ros/src/ayush_publisher' returned '0': PYTHONPATH=/home/ayush/ayush_ros/build/ayush_publisher/prefix_override:/home/ayush/ayush_ros/install/ayush_publisher/lib/python3.10/site-packages:${PYTHONPATH} /usr/bin/python3 setup.py egg_info --egg-base ../../build/ayush_publisher build --build-base /home/ayush/ayush_ros/build/ayush_publisher/build install --record /home/ayush/ayush_ros/build/ayush_publisher/install.log --single-version-externally-managed
