[1.837s] DEBUG:colcon:Command line arguments: ['/usr/bin/colcon', 'list', '-p', '--base-paths', '/home/ayush/ayush_ros']
[1.837s] DEBUG:colcon:Parsed command line arguments: Namespace(log_base=None, log_level=None, verb_name='list', build_base='build', ignore_user_meta=False, metas=['./colcon.meta'], base_paths=['/home/ayush/ayush_ros'], packages_ignore=None, packages_ignore_regex=None, paths=None, packages_up_to=None, packages_up_to_regex=None, packages_above=None, packages_above_and_dependencies=None, packages_above_depth=None, packages_select_by_dep=None, packages_skip_by_dep=None, packages_skip_up_to=None, packages_select_build_failed=False, packages_skip_build_finished=False, packages_select_test_failures=False, packages_skip_test_passed=False, packages_select=None, packages_skip=None, packages_select_regex=None, packages_skip_regex=None, packages_start=None, packages_end=None, allow_overriding=[], topological_order=False, names_only=False, paths_only=True, topological_graph=False, topological_graph_dot=False, topological_graph_density=False, topological_graph_legend=False, topological_graph_dot_cluster=False, topological_graph_dot_include_skipped=False, verb_parser=<colcon_defaults.argument_parser.defaults.DefaultArgumentsDecorator object at 0x7f98d8794670>, verb_extension=<colcon_package_information.verb.list.ListVerb object at 0x7f98d8797790>, main=<bound method ListVerb.main of <colcon_package_information.verb.list.ListVerb object at 0x7f98d8797790>>)
[1.928s] Level 1:colcon.colcon_core.package_discovery:discover_packages(colcon_meta) check parameters
[1.928s] Level 1:colcon.colcon_core.package_discovery:discover_packages(recursive) check parameters
[1.928s] Level 1:colcon.colcon_core.package_discovery:discover_packages(ignore) check parameters
[1.928s] Level 1:colcon.colcon_core.package_discovery:discover_packages(path) check parameters
[1.929s] Level 1:colcon.colcon_core.package_discovery:discover_packages(recursive) discover
[1.929s] INFO:colcon.colcon_core.package_discovery:Crawling recursively for packages in '/home/ayush/ayush_ros'
[1.929s] Level 1:colcon.colcon_core.package_identification:_identify(/home/ayush/ayush_ros) by extensions ['ignore', 'ignore_ament_install']
[1.929s] Level 1:colcon.colcon_core.package_identification:_identify(/home/ayush/ayush_ros) by extension 'ignore'
[1.929s] Level 1:colcon.colcon_core.package_identification:_identify(/home/ayush/ayush_ros) by extension 'ignore_ament_install'
[1.930s] Level 1:colcon.colcon_core.package_identification:_identify(/home/ayush/ayush_ros) by extensions ['colcon_pkg']
[1.930s] Level 1:colcon.colcon_core.package_identification:_identify(/home/ayush/ayush_ros) by extension 'colcon_pkg'
[1.930s] Level 1:colcon.colcon_core.package_identification:_identify(/home/ayush/ayush_ros) by extensions ['colcon_meta']
[1.930s] Level 1:colcon.colcon_core.package_identification:_identify(/home/ayush/ayush_ros) by extension 'colcon_meta'
[1.930s] Level 1:colcon.colcon_core.package_identification:_identify(/home/ayush/ayush_ros) by extensions ['ros']
[1.930s] Level 1:colcon.colcon_core.package_identification:_identify(/home/ayush/ayush_ros) by extension 'ros'
[1.952s] Level 1:colcon.colcon_core.package_identification:_identify(/home/ayush/ayush_ros) by extensions ['cmake', 'python']
[1.952s] Level 1:colcon.colcon_core.package_identification:_identify(/home/ayush/ayush_ros) by extension 'cmake'
[1.952s] Level 1:colcon.colcon_core.package_identification:_identify(/home/ayush/ayush_ros) by extension 'python'
[1.952s] Level 1:colcon.colcon_core.package_identification:_identify(/home/ayush/ayush_ros) by extensions ['python_setup_py']
[1.952s] Level 1:colcon.colcon_core.package_identification:_identify(/home/ayush/ayush_ros) by extension 'python_setup_py'
[1.953s] Level 1:colcon.colcon_core.package_identification:_identify(/home/ayush/ayush_ros/build) by extensions ['ignore', 'ignore_ament_install']
[1.953s] Level 1:colcon.colcon_core.package_identification:_identify(/home/ayush/ayush_ros/build) by extension 'ignore'
[1.953s] Level 1:colcon.colcon_core.package_identification:_identify(/home/ayush/ayush_ros/build) ignored
[1.953s] Level 1:colcon.colcon_core.package_identification:_identify(/home/ayush/ayush_ros/install) by extensions ['ignore', 'ignore_ament_install']
[1.953s] Level 1:colcon.colcon_core.package_identification:_identify(/home/ayush/ayush_ros/install) by extension 'ignore'
[1.954s] Level 1:colcon.colcon_core.package_identification:_identify(/home/ayush/ayush_ros/install) ignored
[1.954s] Level 1:colcon.colcon_core.package_identification:_identify(/home/ayush/ayush_ros/log) by extensions ['ignore', 'ignore_ament_install']
[1.954s] Level 1:colcon.colcon_core.package_identification:_identify(/home/ayush/ayush_ros/log) by extension 'ignore'
[1.954s] Level 1:colcon.colcon_core.package_identification:_identify(/home/ayush/ayush_ros/log) ignored
[1.954s] Level 1:colcon.colcon_core.package_identification:_identify(/home/ayush/ayush_ros/src) by extensions ['ignore', 'ignore_ament_install']
[1.954s] Level 1:colcon.colcon_core.package_identification:_identify(/home/ayush/ayush_ros/src) by extension 'ignore'
[1.955s] Level 1:colcon.colcon_core.package_identification:_identify(/home/ayush/ayush_ros/src) by extension 'ignore_ament_install'
[1.955s] Level 1:colcon.colcon_core.package_identification:_identify(/home/ayush/ayush_ros/src) by extensions ['colcon_pkg']
[1.955s] Level 1:colcon.colcon_core.package_identification:_identify(/home/ayush/ayush_ros/src) by extension 'colcon_pkg'
[1.955s] Level 1:colcon.colcon_core.package_identification:_identify(/home/ayush/ayush_ros/src) by extensions ['colcon_meta']
[1.955s] Level 1:colcon.colcon_core.package_identification:_identify(/home/ayush/ayush_ros/src) by extension 'colcon_meta'
[1.955s] Level 1:colcon.colcon_core.package_identification:_identify(/home/ayush/ayush_ros/src) by extensions ['ros']
[1.955s] Level 1:colcon.colcon_core.package_identification:_identify(/home/ayush/ayush_ros/src) by extension 'ros'
[1.956s] Level 1:colcon.colcon_core.package_identification:_identify(/home/ayush/ayush_ros/src) by extensions ['cmake', 'python']
[1.956s] Level 1:colcon.colcon_core.package_identification:_identify(/home/ayush/ayush_ros/src) by extension 'cmake'
[1.956s] Level 1:colcon.colcon_core.package_identification:_identify(/home/ayush/ayush_ros/src) by extension 'python'
[1.956s] Level 1:colcon.colcon_core.package_identification:_identify(/home/ayush/ayush_ros/src) by extensions ['python_setup_py']
[1.956s] Level 1:colcon.colcon_core.package_identification:_identify(/home/ayush/ayush_ros/src) by extension 'python_setup_py'
[1.956s] Level 1:colcon.colcon_core.package_identification:_identify(/home/ayush/ayush_ros/src/ayush_publisher) by extensions ['ignore', 'ignore_ament_install']
[1.956s] Level 1:colcon.colcon_core.package_identification:_identify(/home/ayush/ayush_ros/src/ayush_publisher) by extension 'ignore'
[1.956s] Level 1:colcon.colcon_core.package_identification:_identify(/home/ayush/ayush_ros/src/ayush_publisher) by extension 'ignore_ament_install'
[1.957s] Level 1:colcon.colcon_core.package_identification:_identify(/home/ayush/ayush_ros/src/ayush_publisher) by extensions ['colcon_pkg']
[1.957s] Level 1:colcon.colcon_core.package_identification:_identify(/home/ayush/ayush_ros/src/ayush_publisher) by extension 'colcon_pkg'
[1.957s] Level 1:colcon.colcon_core.package_identification:_identify(/home/ayush/ayush_ros/src/ayush_publisher) by extensions ['colcon_meta']
[1.957s] Level 1:colcon.colcon_core.package_identification:_identify(/home/ayush/ayush_ros/src/ayush_publisher) by extension 'colcon_meta'
[1.957s] Level 1:colcon.colcon_core.package_identification:_identify(/home/ayush/ayush_ros/src/ayush_publisher) by extensions ['ros']
[1.957s] Level 1:colcon.colcon_core.package_identification:_identify(/home/ayush/ayush_ros/src/ayush_publisher) by extension 'ros'
[1.962s] DEBUG:colcon.colcon_core.package_identification:Package '/home/ayush/ayush_ros/src/ayush_publisher' with type 'ros.ament_python' and name 'ayush_publisher'
[1.962s] Level 1:colcon.colcon_core.package_identification:_identify(/home/ayush/ayush_ros/src/ayush_publisher_cc) by extensions ['ignore', 'ignore_ament_install']
[1.962s] Level 1:colcon.colcon_core.package_identification:_identify(/home/ayush/ayush_ros/src/ayush_publisher_cc) by extension 'ignore'
[1.963s] Level 1:colcon.colcon_core.package_identification:_identify(/home/ayush/ayush_ros/src/ayush_publisher_cc) by extension 'ignore_ament_install'
[1.963s] Level 1:colcon.colcon_core.package_identification:_identify(/home/ayush/ayush_ros/src/ayush_publisher_cc) by extensions ['colcon_pkg']
[1.963s] Level 1:colcon.colcon_core.package_identification:_identify(/home/ayush/ayush_ros/src/ayush_publisher_cc) by extension 'colcon_pkg'
[1.963s] Level 1:colcon.colcon_core.package_identification:_identify(/home/ayush/ayush_ros/src/ayush_publisher_cc) by extensions ['colcon_meta']
[1.963s] Level 1:colcon.colcon_core.package_identification:_identify(/home/ayush/ayush_ros/src/ayush_publisher_cc) by extension 'colcon_meta'
[1.963s] Level 1:colcon.colcon_core.package_identification:_identify(/home/ayush/ayush_ros/src/ayush_publisher_cc) by extensions ['ros']
[1.963s] Level 1:colcon.colcon_core.package_identification:_identify(/home/ayush/ayush_ros/src/ayush_publisher_cc) by extension 'ros'
[1.964s] DEBUG:colcon.colcon_core.package_identification:Package '/home/ayush/ayush_ros/src/ayush_publisher_cc' with type 'ros.cmake' and name 'ayush_publisher_cc'
[1.964s] Level 1:colcon.colcon_core.package_discovery:discover_packages(recursive) using defaults
